{"type":"operationStart","subtype":"profile","data":{"_id":"ukov7W40Ju6eEO7a","timestamp":"2025-01-28T06:45:56.597Z","state":"queued","mode":"standard","creationDate":"2025-01-28T06:45:56.598Z","modificationDate":"2025-01-28T06:45:56.598Z","shortid":"OW-AV_N","$entitySet":"profiles"},"doDiffs":false,"timestamp":1738046756598,"id":"n03utsj29wjcmje","previousOperationId":null,"operationId":"qdtouwk0qnyjkzm"}
{"type":"log","level":"info","message":"Render request 7 queued for execution and waiting for available worker","previousOperationId":"qdtouwk0qnyjkzm","timestamp":1738046756598,"id":"q3vckc4yv9ytxzb"}
{"type":"operationStart","subtype":"render","name":"anonymous","previousOperationId":"qdtouwk0qnyjkzm","timestamp":1738046756615,"id":"hz1gnhikfo74v5o","previousEventId":"n03utsj29wjcmje","operationId":"4so7lb4j0iizpvq"}
{"type":"log","timestamp":1738046756615,"level":"info","message":"Starting rendering request 7","meta":{"rootId":"4vtm12w87byqohr","id":"4vtm12w87byqohr"},"id":"s8v1nal7h8p7r96","previousOperationId":"4so7lb4j0iizpvq"}
{"type":"log","timestamp":1738046756615,"level":"info","message":"Rendering anonymous template { recipe: chrome-pdf, engine: handlebars }","meta":{"rootId":"4vtm12w87byqohr","id":"4vtm12w87byqohr"},"id":"776zqthh3gj18pg","previousOperationId":"4so7lb4j0iizpvq"}
{"type":"log","timestamp":1738046756615,"level":"debug","message":"Inline data specified.","meta":{"rootId":"4vtm12w87byqohr","id":"4vtm12w87byqohr"},"id":"4p6afjaamur9m1y","previousOperationId":"4so7lb4j0iizpvq"}
{"type":"log","timestamp":1738046756616,"level":"debug","message":"Base url not specified, skipping its injection.","meta":{"rootId":"4vtm12w87byqohr","id":"4vtm12w87byqohr"},"id":"tp8k3jzgdibjuwr","previousOperationId":"4so7lb4j0iizpvq"}
{"type":"operationStart","subtype":"engine","name":"handlebars","timestamp":1738046756616,"id":"oxe7q2owr6unsq0","previousEventId":"hz1gnhikfo74v5o","operationId":"n3m4u26m4fdnfj0","previousOperationId":"4so7lb4j0iizpvq"}
{"type":"log","timestamp":1738046756616,"level":"debug","message":"Rendering engine handlebars","meta":{"rootId":"4vtm12w87byqohr","id":"4vtm12w87byqohr"},"id":"lwdg85cig17ugix","previousOperationId":"n3m4u26m4fdnfj0"}
{"type":"operationEnd","operationId":"n3m4u26m4fdnfj0","timestamp":1738046756624,"id":"niy22e7oykmpc11","previousEventId":"oxe7q2owr6unsq0","previousOperationId":"n3m4u26m4fdnfj0"}
{"type":"operationStart","subtype":"recipe","name":"chrome-pdf","timestamp":1738046756624,"id":"h5898qsmgn25wd6","previousEventId":"niy22e7oykmpc11","operationId":"j0axghxyg281u66","previousOperationId":"n3m4u26m4fdnfj0"}
{"type":"log","timestamp":1738046756624,"level":"debug","message":"Executing recipe chrome-pdf","meta":{"rootId":"4vtm12w87byqohr","id":"4vtm12w87byqohr"},"id":"cytwmm8qttyyg7x","previousOperationId":"j0axghxyg281u66"}
{"type":"log","timestamp":1738046757908,"level":"debug","message":"Converting with chrome Chrome/130.0.6723.69 using chrome-pool strategy","meta":{"rootId":"4vtm12w87byqohr","id":"4vtm12w87byqohr"},"id":"w0858jbwij1w7yb","previousOperationId":"j0axghxyg281u66"}
{"type":"log","timestamp":1738046758000,"level":"debug","message":"Page request: GET (document) file:///C:/Users/ASUS/AppData/Local/Temp/jsreport/autocleanup/adc2103e-f2df-4101-bf4c-fd12773c571d-chrome-pdf.html","meta":{"rootId":"4vtm12w87byqohr","id":"4vtm12w87byqohr"},"id":"1ow8nivkk388o7g","previousOperationId":"j0axghxyg281u66"}
{"type":"log","timestamp":1738046758022,"level":"debug","message":"Page request finished: GET (document) 200 file:///C:/Users/ASUS/AppData/Local/Temp/jsreport/autocleanup/adc2103e-f2df-4101-bf4c-fd12773c571d-chrome-pdf.html","meta":{"rootId":"4vtm12w87byqohr","id":"4vtm12w87byqohr"},"id":"hj8oey7mar2sacw","previousOperationId":"j0axghxyg281u66"}
{"type":"log","timestamp":1738046758035,"level":"debug","message":"Running chrome with params {\"timeout\":59961,\"margin\":{},\"printBackground\":true}","meta":{"rootId":"4vtm12w87byqohr","id":"4vtm12w87byqohr"},"id":"p0iviuq0pg4s3fn","previousOperationId":"j0axghxyg281u66"}
{"type":"operationEnd","operationId":"j0axghxyg281u66","timestamp":1738046758202,"id":"a9relveazpncf35","previousEventId":"h5898qsmgn25wd6","previousOperationId":"j0axghxyg281u66"}
{"type":"log","timestamp":1738046758202,"level":"debug","message":"Skipping storing report.","meta":{"rootId":"4vtm12w87byqohr","id":"4vtm12w87byqohr"},"id":"1flr3r9bf4vd4fo","previousOperationId":"j0axghxyg281u66"}
{"type":"log","timestamp":1738046758202,"level":"info","message":"Rendering request 7 finished in 1605 ms","meta":{"rootId":"4vtm12w87byqohr","id":"4vtm12w87byqohr"},"id":"htjv54h75eyvcf1","previousOperationId":"j0axghxyg281u66"}
{"type":"operationEnd","subtype":"render","operationId":"4so7lb4j0iizpvq","timestamp":1738046758202,"id":"lk8lgyvwo98hgv7","previousEventId":"a9relveazpncf35","previousOperationId":"j0axghxyg281u66"}
{"type":"operationEnd","doDiffs":false,"previousEventId":"n03utsj29wjcmje","previousOperationId":"qdtouwk0qnyjkzm","operationId":"qdtouwk0qnyjkzm","timestamp":1738046758204,"id":"g23l80gqw7wml1f"}
